[0m16:45:13.028071 [debug] [MainThread]: Sending event: {'category': 'dbt', 'action': 'invocation', 'label': 'start', 'context': [<snowplow_tracker.self_describing_json.SelfDescribingJson object at 0x10d84fc90>, <snowplow_tracker.self_describing_json.SelfDescribingJson object at 0x10d416850>, <snowplow_tracker.self_describing_json.SelfDescribingJson object at 0x10d872110>]}


============================== 16:45:13.037543 | 7d4749c9-d90f-46c2-9ec9-aa9fbecc26ab ==============================
[0m16:45:13.037543 [info ] [MainThread]: Running with dbt=1.7.11
[0m16:45:13.038620 [debug] [MainThread]: running dbt with arguments {'printer_width': '80', 'indirect_selection': 'eager', 'log_cache_events': 'False', 'write_json': 'True', 'partial_parse': 'True', 'cache_selected_only': 'False', 'warn_error': 'None', 'debug': 'False', 'version_check': 'True', 'log_path': 'logs', 'fail_fast': 'False', 'profiles_dir': '/Users/user/.dbt', 'use_colors': 'True', 'use_experimental_parser': 'False', 'no_print': 'None', 'quiet': 'False', 'log_format': 'default', 'static_parser': 'True', 'introspect': 'True', 'invocation_command': 'dbt init', 'target_path': 'None', 'warn_error_options': 'WarnErrorOptions(include=[], exclude=[])', 'send_anonymous_usage_stats': 'True'}
[0m16:45:52.956395 [debug] [MainThread]: Starter project path: /Users/user/anaconda3/lib/python3.11/site-packages/dbt/include/starter_project
[0m16:45:52.973979 [info ] [MainThread]: 
Your new dbt project "custom_postgres" was created!

For more information on how to configure the profiles.yml file,
please consult the dbt documentation here:

  https://docs.getdbt.com/docs/configure-your-profile

One more thing:

Need help? Don't hesitate to reach out to us via GitHub issues or on Slack:

  https://community.getdbt.com/

Happy modeling!

[0m16:45:52.974871 [info ] [MainThread]: Setting up your profile.
[0m16:51:23.095252 [debug] [MainThread]: Sending event: {'category': 'dbt', 'action': 'invocation', 'label': 'start', 'context': [<snowplow_tracker.self_describing_json.SelfDescribingJson object at 0x108c6fc50>, <snowplow_tracker.self_describing_json.SelfDescribingJson object at 0x108c914d0>, <snowplow_tracker.self_describing_json.SelfDescribingJson object at 0x108c923d0>]}


============================== 16:51:23.104215 | 9b1d4b58-b520-47d4-8c99-3c6f90b1db9c ==============================
[0m16:51:23.104215 [info ] [MainThread]: Running with dbt=1.7.11
[0m16:51:23.105354 [debug] [MainThread]: running dbt with arguments {'printer_width': '80', 'indirect_selection': 'eager', 'write_json': 'True', 'log_cache_events': 'False', 'partial_parse': 'True', 'cache_selected_only': 'False', 'warn_error': 'None', 'version_check': 'True', 'debug': 'False', 'log_path': 'logs', 'fail_fast': 'False', 'profiles_dir': '/Users/user/.dbt', 'use_colors': 'True', 'use_experimental_parser': 'False', 'no_print': 'None', 'quiet': 'False', 'log_format': 'default', 'invocation_command': 'dbt init', 'introspect': 'True', 'static_parser': 'True', 'target_path': 'None', 'warn_error_options': 'WarnErrorOptions(include=[], exclude=[])', 'send_anonymous_usage_stats': 'True'}
[0m16:51:57.059036 [debug] [MainThread]: Starter project path: /Users/user/anaconda3/lib/python3.11/site-packages/dbt/include/starter_project
[0m16:51:57.068494 [info ] [MainThread]: 
Your new dbt project "customs_postgres" was created!

For more information on how to configure the profiles.yml file,
please consult the dbt documentation here:

  https://docs.getdbt.com/docs/configure-your-profile

One more thing:

Need help? Don't hesitate to reach out to us via GitHub issues or on Slack:

  https://community.getdbt.com/

Happy modeling!

[0m16:51:57.069494 [info ] [MainThread]: Setting up your profile.
[0m16:53:29.285714 [debug] [MainThread]: Sending event: {'category': 'dbt', 'action': 'invocation', 'label': 'start', 'context': [<snowplow_tracker.self_describing_json.SelfDescribingJson object at 0x10bd48150>, <snowplow_tracker.self_describing_json.SelfDescribingJson object at 0x10bd51ed0>, <snowplow_tracker.self_describing_json.SelfDescribingJson object at 0x10bd528d0>]}


============================== 16:53:29.294406 | 278362a6-3d34-473a-ac8d-6f15a99444fc ==============================
[0m16:53:29.294406 [info ] [MainThread]: Running with dbt=1.7.11
[0m16:53:29.295402 [debug] [MainThread]: running dbt with arguments {'printer_width': '80', 'indirect_selection': 'eager', 'write_json': 'True', 'log_cache_events': 'False', 'partial_parse': 'True', 'cache_selected_only': 'False', 'warn_error': 'None', 'fail_fast': 'False', 'profiles_dir': '/Users/user/.dbt', 'log_path': 'logs', 'version_check': 'True', 'debug': 'False', 'use_colors': 'True', 'use_experimental_parser': 'False', 'no_print': 'None', 'quiet': 'False', 'warn_error_options': 'WarnErrorOptions(include=[], exclude=[])', 'introspect': 'True', 'log_format': 'default', 'invocation_command': 'dbt init', 'target_path': 'None', 'static_parser': 'True', 'send_anonymous_usage_stats': 'True'}
[0m16:53:40.302352 [debug] [MainThread]: Starter project path: /Users/user/anaconda3/lib/python3.11/site-packages/dbt/include/starter_project
[0m16:53:40.311965 [info ] [MainThread]: 
Your new dbt project "custom_postgres" was created!

For more information on how to configure the profiles.yml file,
please consult the dbt documentation here:

  https://docs.getdbt.com/docs/configure-your-profile

One more thing:

Need help? Don't hesitate to reach out to us via GitHub issues or on Slack:

  https://community.getdbt.com/

Happy modeling!

[0m16:53:40.312814 [info ] [MainThread]: Setting up your profile.
[0m16:56:10.087809 [info ] [MainThread]: Profile custom_postgres written to /Users/user/.dbt/profiles.yml using target's profile_template.yml and your supplied values. Run 'dbt debug' to validate the connection.
[0m16:56:10.116853 [debug] [MainThread]: Resource report: {"command_name": "init", "command_success": true, "command_wall_clock_time": 160.85913, "process_user_time": 2.652594, "process_kernel_time": 0.350134, "process_mem_max_rss": "98385920", "process_in_blocks": "0", "process_out_blocks": "0"}
[0m16:56:10.117813 [debug] [MainThread]: Command `dbt init` succeeded at 16:56:10.117597 after 160.86 seconds
[0m16:56:10.118387 [debug] [MainThread]: Sending event: {'category': 'dbt', 'action': 'invocation', 'label': 'end', 'context': [<snowplow_tracker.self_describing_json.SelfDescribingJson object at 0x10bd63e50>, <snowplow_tracker.self_describing_json.SelfDescribingJson object at 0x10bd49490>, <snowplow_tracker.self_describing_json.SelfDescribingJson object at 0x107bd26d0>]}
[0m16:56:10.119154 [debug] [MainThread]: Flushing usage events
